<?xml version="1.0" encoding="UTF-8"?>
<testsuite xmlns:xsi="http://www.w3.org/2001/XMLSchema-instance" xsi:noNamespaceSchemaLocation="https://maven.apache.org/surefire/maven-surefire-plugin/xsd/surefire-test-report.xsd" name="gr.aueb.elearn.dionChar.teacherapp.utils.TeacherConverterUtilsTest" time="0.001" tests="4" errors="0" skipped="0" failures="0">
  <properties>
[...]
</properties>
  <testcase name="testConvertToModel_ValidDTO_ShouldReturnATeacherModel" classname="gr.aueb.elearn.dionChar.teacherapp.utils.TeacherConverterUtilsTest" time="0"/>
  <testcase name="testConvertToDTO_ValidModel_ShouldReturnATeacherDTO" classname="gr.aueb.elearn.dionChar.teacherapp.utils.TeacherConverterUtilsTest" time="0"/>
  <testcase name="testConvertToDTO_NullModel_ShouldReturnNullTeacherDTO" classname="gr.aueb.elearn.dionChar.teacherapp.utils.TeacherConverterUtilsTest" time="0"/>
  <testcase name="testConvertToModel_NullDTO_ShouldReturnNullTeacherModel" classname="gr.aueb.elearn.dionChar.teacherapp.utils.TeacherConverterUtilsTest" time="0"/>
</testsuite>